[Info] Target mean/std skipped (amount mode).
[epoch 1] progress: 5/200 batches
[epoch 1] progress: 10/200 batches
[epoch 1] progress: 15/200 batches
[epoch 1] progress: 20/200 batches
[epoch 1] progress: 25/200 batches
[epoch 1] progress: 30/200 batches
[epoch 1] progress: 35/200 batches
[epoch 1] progress: 40/200 batches
[epoch 1] progress: 45/200 batches
[epoch 1] progress: 50/200 batches
[epoch 1] progress: 55/200 batches
[epoch 1] progress: 60/200 batches
[epoch 1] progress: 65/200 batches
[epoch 1] progress: 70/200 batches
[epoch 1] progress: 75/200 batches
[epoch 1] progress: 80/200 batches
[epoch 1] progress: 85/200 batches
[epoch 1] progress: 90/200 batches
[epoch 1] progress: 95/200 batches
[epoch 1] progress: 100/200 batches
[epoch 1] progress: 105/200 batches
[epoch 1] progress: 110/200 batches
[epoch 1] progress: 115/200 batches
[epoch 1] progress: 120/200 batches
[epoch 1] progress: 125/200 batches
[epoch 1] progress: 130/200 batches
[epoch 1] progress: 135/200 batches
[epoch 1] progress: 140/200 batches
[epoch 1] progress: 145/200 batches
[epoch 1] progress: 150/200 batches
[epoch 1] progress: 155/200 batches
[epoch 1] progress: 160/200 batches
[epoch 1] progress: 165/200 batches
[epoch 1] progress: 170/200 batches
[epoch 1] progress: 175/200 batches
[epoch 1] progress: 180/200 batches
[epoch 1] progress: 185/200 batches
[epoch 1] progress: 190/200 batches
[epoch 1] progress: 195/200 batches
[epoch 1] progress: 200/200 batches
[Epoch 1] (training only)
[epoch 2] progress: 5/200 batches
[epoch 2] progress: 10/200 batches
[epoch 2] progress: 15/200 batches
[epoch 2] progress: 20/200 batches
[epoch 2] progress: 25/200 batches
[epoch 2] progress: 30/200 batches
[epoch 2] progress: 35/200 batches
[epoch 2] progress: 40/200 batches
[epoch 2] progress: 45/200 batches
[epoch 2] progress: 50/200 batches
[epoch 2] progress: 55/200 batches
[epoch 2] progress: 60/200 batches
[epoch 2] progress: 65/200 batches
[epoch 2] progress: 70/200 batches
[epoch 2] progress: 75/200 batches
[epoch 2] progress: 80/200 batches
[epoch 2] progress: 85/200 batches
[epoch 2] progress: 90/200 batches
[epoch 2] progress: 95/200 batches
[epoch 2] progress: 100/200 batches
[epoch 2] progress: 105/200 batches
[epoch 2] progress: 110/200 batches
[epoch 2] progress: 115/200 batches
[epoch 2] progress: 120/200 batches
[epoch 2] progress: 125/200 batches
[epoch 2] progress: 130/200 batches
[epoch 2] progress: 135/200 batches
[epoch 2] progress: 140/200 batches
[epoch 2] progress: 145/200 batches
[epoch 2] progress: 150/200 batches
[epoch 2] progress: 155/200 batches
[epoch 2] progress: 160/200 batches
[epoch 2] progress: 165/200 batches
[epoch 2] progress: 170/200 batches
[epoch 2] progress: 175/200 batches
[epoch 2] progress: 180/200 batches
[epoch 2] progress: 185/200 batches
[epoch 2] progress: 190/200 batches
[epoch 2] progress: 195/200 batches
[epoch 2] progress: 200/200 batches
[Epoch 2] (training only)
[epoch 3] progress: 5/200 batches
[epoch 3] progress: 10/200 batches
[epoch 3] progress: 15/200 batches
[epoch 3] progress: 20/200 batches
[epoch 3] progress: 25/200 batches
[epoch 3] progress: 30/200 batches
[epoch 3] progress: 35/200 batches
[epoch 3] progress: 40/200 batches
[epoch 3] progress: 45/200 batches
[epoch 3] progress: 50/200 batches
[epoch 3] progress: 55/200 batches
[epoch 3] progress: 60/200 batches
[epoch 3] progress: 65/200 batches
[epoch 3] progress: 70/200 batches
[epoch 3] progress: 75/200 batches
[epoch 3] progress: 80/200 batches
[epoch 3] progress: 85/200 batches
[epoch 3] progress: 90/200 batches
[epoch 3] progress: 95/200 batches
[epoch 3] progress: 100/200 batches
[epoch 3] progress: 105/200 batches
[epoch 3] progress: 110/200 batches
[epoch 3] progress: 115/200 batches
[epoch 3] progress: 120/200 batches
[epoch 3] progress: 125/200 batches
[epoch 3] progress: 130/200 batches
[epoch 3] progress: 135/200 batches
[epoch 3] progress: 140/200 batches
[epoch 3] progress: 145/200 batches
[epoch 3] progress: 150/200 batches
[epoch 3] progress: 155/200 batches
[epoch 3] progress: 160/200 batches
[epoch 3] progress: 165/200 batches
[epoch 3] progress: 170/200 batches
[epoch 3] progress: 175/200 batches
[epoch 3] progress: 180/200 batches
[epoch 3] progress: 185/200 batches
[epoch 3] progress: 190/200 batches
[epoch 3] progress: 195/200 batches
[epoch 3] progress: 200/200 batches
[Epoch 3] (training only)
[epoch 4] progress: 5/200 batches
[epoch 4] progress: 10/200 batches
[epoch 4] progress: 15/200 batches
[epoch 4] progress: 20/200 batches
[epoch 4] progress: 25/200 batches
[epoch 4] progress: 30/200 batches
[epoch 4] progress: 35/200 batches
[epoch 4] progress: 40/200 batches
[epoch 4] progress: 45/200 batches
[epoch 4] progress: 50/200 batches
[epoch 4] progress: 55/200 batches
[epoch 4] progress: 60/200 batches
[epoch 4] progress: 65/200 batches
[epoch 4] progress: 70/200 batches
[epoch 4] progress: 75/200 batches
[epoch 4] progress: 80/200 batches
[epoch 4] progress: 85/200 batches
[epoch 4] progress: 90/200 batches
[epoch 4] progress: 95/200 batches
[epoch 4] progress: 100/200 batches
[epoch 4] progress: 105/200 batches
[epoch 4] progress: 110/200 batches
[epoch 4] progress: 115/200 batches
[epoch 4] progress: 120/200 batches
[epoch 4] progress: 125/200 batches
[epoch 4] progress: 130/200 batches
[epoch 4] progress: 135/200 batches
[epoch 4] progress: 140/200 batches
[epoch 4] progress: 145/200 batches
[epoch 4] progress: 150/200 batches
[epoch 4] progress: 155/200 batches
[epoch 4] progress: 160/200 batches
[epoch 4] progress: 165/200 batches
[epoch 4] progress: 170/200 batches
[epoch 4] progress: 175/200 batches
[epoch 4] progress: 180/200 batches
[epoch 4] progress: 185/200 batches
[epoch 4] progress: 190/200 batches
[epoch 4] progress: 195/200 batches
[epoch 4] progress: 200/200 batches
[Epoch 4] (training only)
[Saved] /home/liangran85/ckpts/taxi_relu_h128_b256_ep4.npz
Train time ~1.9s
